<?xml version="1.0" encoding="UTF-8"?>
<coverage generated="1744013095863" clover="3.2.0">
  <project timestamp="1744013095863" name="All files">
    <metrics statements="48" coveredstatements="44" conditionals="36" coveredconditionals="34" methods="1" coveredmethods="1" elements="85" coveredelements="79" complexity="0" loc="48" ncloc="48" packages="1" files="1" classes="1"/>
    <file name="validateUserData.js" path="C:\Users\rozaf\OneDrive\Desktop\PROGRAMIMI AVANCUAR\JAVA3\validateUserData.js">
      <metrics statements="48" coveredstatements="44" conditionals="36" coveredconditionals="34" methods="1" coveredmethods="1"/>
      <line num="12" count="26" type="stmt"/>
      <line num="18" count="26" type="cond" truecount="4" falsecount="0"/>
      <line num="19" count="2" type="stmt"/>
      <line num="20" count="2" type="stmt"/>
      <line num="21" count="2" type="stmt"/>
      <line num="25" count="24" type="cond" truecount="2" falsecount="0"/>
      <line num="26" count="2" type="stmt"/>
      <line num="27" count="2" type="stmt"/>
      <line num="28" count="22" type="cond" truecount="4" falsecount="0"/>
      <line num="29" count="2" type="stmt"/>
      <line num="30" count="2" type="stmt"/>
      <line num="31" count="20" type="cond" truecount="2" falsecount="0"/>
      <line num="32" count="2" type="stmt"/>
      <line num="33" count="2" type="stmt"/>
      <line num="37" count="24" type="cond" truecount="2" falsecount="0"/>
      <line num="38" count="2" type="stmt"/>
      <line num="39" count="2" type="stmt"/>
      <line num="40" count="22" type="cond" truecount="2" falsecount="0"/>
      <line num="41" count="2" type="stmt"/>
      <line num="42" count="2" type="stmt"/>
      <line num="46" count="24" type="cond" truecount="2" falsecount="0"/>
      <line num="47" count="2" type="stmt"/>
      <line num="48" count="2" type="stmt"/>
      <line num="49" count="22" type="cond" truecount="2" falsecount="0"/>
      <line num="50" count="2" type="stmt"/>
      <line num="51" count="2" type="stmt"/>
      <line num="52" count="20" type="cond" truecount="2" falsecount="0"/>
      <line num="53" count="2" type="stmt"/>
      <line num="54" count="2" type="stmt"/>
      <line num="55" count="18" type="cond" truecount="2" falsecount="0"/>
      <line num="56" count="2" type="stmt"/>
      <line num="57" count="2" type="stmt"/>
      <line num="61" count="24" type="cond" truecount="2" falsecount="0"/>
      <line num="62" count="4" type="cond" truecount="1" falsecount="1"/>
      <line num="63" count="0" type="stmt"/>
      <line num="64" count="0" type="stmt"/>
      <line num="65" count="4" type="cond" truecount="2" falsecount="0"/>
      <line num="66" count="2" type="stmt"/>
      <line num="67" count="2" type="stmt"/>
      <line num="72" count="24" type="cond" truecount="2" falsecount="0"/>
      <line num="73" count="4" type="cond" truecount="1" falsecount="1"/>
      <line num="74" count="0" type="stmt"/>
      <line num="75" count="0" type="stmt"/>
      <line num="76" count="4" type="cond" truecount="2" falsecount="0"/>
      <line num="77" count="2" type="stmt"/>
      <line num="78" count="2" type="stmt"/>
      <line num="82" count="24" type="stmt"/>
      <line num="85" count="2" type="stmt"/>
    </file>
  </project>
</coverage>
