{"C:\\Users\\rozaf\\OneDrive\\Desktop\\PROGRAMIMI AVANCUAR\\JAVA3\\validateUserData.js": {"path":"C:\\Users\\rozaf\\OneDrive\\Desktop\\PROGRAMIMI AVANCUAR\\JAVA3\\validateUserData.js","statementMap":{"0":{"start":{"line":12,"column":19},"end":{"line":15,"column":5}},"1":{"start":{"line":18,"column":4},"end":{"line":22,"column":5}},"2":{"start":{"line":19,"column":8},"end":{"line":19,"column":31}},"3":{"start":{"line":20,"column":8},"end":{"line":20,"column":58}},"4":{"start":{"line":21,"column":8},"end":{"line":21,"column":22}},"5":{"start":{"line":25,"column":4},"end":{"line":34,"column":5}},"6":{"start":{"line":26,"column":8},"end":{"line":26,"column":31}},"7":{"start":{"line":27,"column":8},"end":{"line":27,"column":56}},"8":{"start":{"line":28,"column":11},"end":{"line":34,"column":5}},"9":{"start":{"line":29,"column":8},"end":{"line":29,"column":31}},"10":{"start":{"line":30,"column":8},"end":{"line":30,"column":80}},"11":{"start":{"line":31,"column":11},"end":{"line":34,"column":5}},"12":{"start":{"line":32,"column":8},"end":{"line":32,"column":31}},"13":{"start":{"line":33,"column":8},"end":{"line":33,"column":95}},"14":{"start":{"line":37,"column":4},"end":{"line":43,"column":5}},"15":{"start":{"line":38,"column":8},"end":{"line":38,"column":31}},"16":{"start":{"line":39,"column":8},"end":{"line":39,"column":50}},"17":{"start":{"line":40,"column":11},"end":{"line":43,"column":5}},"18":{"start":{"line":41,"column":8},"end":{"line":41,"column":31}},"19":{"start":{"line":42,"column":8},"end":{"line":42,"column":53}},"20":{"start":{"line":46,"column":4},"end":{"line":58,"column":5}},"21":{"start":{"line":47,"column":8},"end":{"line":47,"column":31}},"22":{"start":{"line":48,"column":8},"end":{"line":48,"column":56}},"23":{"start":{"line":49,"column":11},"end":{"line":58,"column":5}},"24":{"start":{"line":50,"column":8},"end":{"line":50,"column":31}},"25":{"start":{"line":51,"column":8},"end":{"line":51,"column":79}},"26":{"start":{"line":52,"column":11},"end":{"line":58,"column":5}},"27":{"start":{"line":53,"column":8},"end":{"line":53,"column":31}},"28":{"start":{"line":54,"column":8},"end":{"line":54,"column":77}},"29":{"start":{"line":55,"column":11},"end":{"line":58,"column":5}},"30":{"start":{"line":56,"column":8},"end":{"line":56,"column":31}},"31":{"start":{"line":57,"column":8},"end":{"line":57,"column":88}},"32":{"start":{"line":61,"column":4},"end":{"line":69,"column":5}},"33":{"start":{"line":62,"column":8},"end":{"line":68,"column":9}},"34":{"start":{"line":63,"column":12},"end":{"line":63,"column":35}},"35":{"start":{"line":64,"column":12},"end":{"line":64,"column":55}},"36":{"start":{"line":65,"column":15},"end":{"line":68,"column":9}},"37":{"start":{"line":66,"column":12},"end":{"line":66,"column":35}},"38":{"start":{"line":67,"column":12},"end":{"line":67,"column":69}},"39":{"start":{"line":72,"column":4},"end":{"line":80,"column":5}},"40":{"start":{"line":73,"column":8},"end":{"line":79,"column":9}},"41":{"start":{"line":74,"column":12},"end":{"line":74,"column":35}},"42":{"start":{"line":75,"column":12},"end":{"line":75,"column":74}},"43":{"start":{"line":76,"column":15},"end":{"line":79,"column":9}},"44":{"start":{"line":77,"column":12},"end":{"line":77,"column":35}},"45":{"start":{"line":78,"column":12},"end":{"line":78,"column":86}},"46":{"start":{"line":82,"column":4},"end":{"line":82,"column":18}},"47":{"start":{"line":85,"column":0},"end":{"line":85,"column":34}}},"fnMap":{"0":{"name":"validateUserData","decl":{"start":{"line":11,"column":9},"end":{"line":11,"column":25}},"loc":{"start":{"line":11,"column":36},"end":{"line":83,"column":1}},"line":11}},"branchMap":{"0":{"loc":{"start":{"line":18,"column":4},"end":{"line":22,"column":5}},"type":"if","locations":[{"start":{"line":18,"column":4},"end":{"line":22,"column":5}},{"start":{},"end":{}}],"line":18},"1":{"loc":{"start":{"line":18,"column":8},"end":{"line":18,"column":49}},"type":"binary-expr","locations":[{"start":{"line":18,"column":8},"end":{"line":18,"column":17}},{"start":{"line":18,"column":21},"end":{"line":18,"column":49}}],"line":18},"2":{"loc":{"start":{"line":25,"column":4},"end":{"line":34,"column":5}},"type":"if","locations":[{"start":{"line":25,"column":4},"end":{"line":34,"column":5}},{"start":{"line":28,"column":11},"end":{"line":34,"column":5}}],"line":25},"3":{"loc":{"start":{"line":28,"column":11},"end":{"line":34,"column":5}},"type":"if","locations":[{"start":{"line":28,"column":11},"end":{"line":34,"column":5}},{"start":{"line":31,"column":11},"end":{"line":34,"column":5}}],"line":28},"4":{"loc":{"start":{"line":28,"column":15},"end":{"line":28,"column":76}},"type":"binary-expr","locations":[{"start":{"line":28,"column":15},"end":{"line":28,"column":43}},{"start":{"line":28,"column":47},"end":{"line":28,"column":76}}],"line":28},"5":{"loc":{"start":{"line":31,"column":11},"end":{"line":34,"column":5}},"type":"if","locations":[{"start":{"line":31,"column":11},"end":{"line":34,"column":5}},{"start":{},"end":{}}],"line":31},"6":{"loc":{"start":{"line":37,"column":4},"end":{"line":43,"column":5}},"type":"if","locations":[{"start":{"line":37,"column":4},"end":{"line":43,"column":5}},{"start":{"line":40,"column":11},"end":{"line":43,"column":5}}],"line":37},"7":{"loc":{"start":{"line":40,"column":11},"end":{"line":43,"column":5}},"type":"if","locations":[{"start":{"line":40,"column":11},"end":{"line":43,"column":5}},{"start":{},"end":{}}],"line":40},"8":{"loc":{"start":{"line":46,"column":4},"end":{"line":58,"column":5}},"type":"if","locations":[{"start":{"line":46,"column":4},"end":{"line":58,"column":5}},{"start":{"line":49,"column":11},"end":{"line":58,"column":5}}],"line":46},"9":{"loc":{"start":{"line":49,"column":11},"end":{"line":58,"column":5}},"type":"if","locations":[{"start":{"line":49,"column":11},"end":{"line":58,"column":5}},{"start":{"line":52,"column":11},"end":{"line":58,"column":5}}],"line":49},"10":{"loc":{"start":{"line":52,"column":11},"end":{"line":58,"column":5}},"type":"if","locations":[{"start":{"line":52,"column":11},"end":{"line":58,"column":5}},{"start":{"line":55,"column":11},"end":{"line":58,"column":5}}],"line":52},"11":{"loc":{"start":{"line":55,"column":11},"end":{"line":58,"column":5}},"type":"if","locations":[{"start":{"line":55,"column":11},"end":{"line":58,"column":5}},{"start":{},"end":{}}],"line":55},"12":{"loc":{"start":{"line":61,"column":4},"end":{"line":69,"column":5}},"type":"if","locations":[{"start":{"line":61,"column":4},"end":{"line":69,"column":5}},{"start":{},"end":{}}],"line":61},"13":{"loc":{"start":{"line":62,"column":8},"end":{"line":68,"column":9}},"type":"if","locations":[{"start":{"line":62,"column":8},"end":{"line":68,"column":9}},{"start":{"line":65,"column":15},"end":{"line":68,"column":9}}],"line":62},"14":{"loc":{"start":{"line":65,"column":15},"end":{"line":68,"column":9}},"type":"if","locations":[{"start":{"line":65,"column":15},"end":{"line":68,"column":9}},{"start":{},"end":{}}],"line":65},"15":{"loc":{"start":{"line":72,"column":4},"end":{"line":80,"column":5}},"type":"if","locations":[{"start":{"line":72,"column":4},"end":{"line":80,"column":5}},{"start":{},"end":{}}],"line":72},"16":{"loc":{"start":{"line":73,"column":8},"end":{"line":79,"column":9}},"type":"if","locations":[{"start":{"line":73,"column":8},"end":{"line":79,"column":9}},{"start":{"line":76,"column":15},"end":{"line":79,"column":9}}],"line":73},"17":{"loc":{"start":{"line":76,"column":15},"end":{"line":79,"column":9}},"type":"if","locations":[{"start":{"line":76,"column":15},"end":{"line":79,"column":9}},{"start":{},"end":{}}],"line":76}},"s":{"0":26,"1":26,"2":2,"3":2,"4":2,"5":24,"6":2,"7":2,"8":22,"9":2,"10":2,"11":20,"12":2,"13":2,"14":24,"15":2,"16":2,"17":22,"18":2,"19":2,"20":24,"21":2,"22":2,"23":22,"24":2,"25":2,"26":20,"27":2,"28":2,"29":18,"30":2,"31":2,"32":24,"33":4,"34":0,"35":0,"36":4,"37":2,"38":2,"39":24,"40":4,"41":0,"42":0,"43":4,"44":2,"45":2,"46":24,"47":2},"f":{"0":26},"b":{"0":[2,24],"1":[26,26],"2":[2,22],"3":[2,20],"4":[22,20],"5":[2,18],"6":[2,22],"7":[2,20],"8":[2,22],"9":[2,20],"10":[2,18],"11":[2,16],"12":[4,20],"13":[0,4],"14":[2,2],"15":[4,20],"16":[0,4],"17":[2,2]},"_coverageSchema":"1a1c01bbd47fc00a2c39e90264f33305004495a9","hash":"6f479161bb18182902eb79d49f64cb72bde9eedd"}
}
