TN:
SF:JAVA3\validateUserData.js
FN:11,validateUserData
FNF:1
FNH:1
FNDA:26,validateUserData
DA:12,26
DA:18,26
DA:19,2
DA:20,2
DA:21,2
DA:25,24
DA:26,2
DA:27,2
DA:28,22
DA:29,2
DA:30,2
DA:31,20
DA:32,2
DA:33,2
DA:37,24
DA:38,2
DA:39,2
DA:40,22
DA:41,2
DA:42,2
DA:46,24
DA:47,2
DA:48,2
DA:49,22
DA:50,2
DA:51,2
DA:52,20
DA:53,2
DA:54,2
DA:55,18
DA:56,2
DA:57,2
DA:61,24
DA:62,4
DA:63,0
DA:64,0
DA:65,4
DA:66,2
DA:67,2
DA:72,24
DA:73,4
DA:74,0
DA:75,0
DA:76,4
DA:77,2
DA:78,2
DA:82,24
DA:85,2
LF:48
LH:44
BRDA:18,0,0,2
BRDA:18,0,1,24
BRDA:18,1,0,26
BRDA:18,1,1,26
BRDA:25,2,0,2
BRDA:25,2,1,22
BRDA:28,3,0,2
BRDA:28,3,1,20
BRDA:28,4,0,22
BRDA:28,4,1,20
BRDA:31,5,0,2
BRDA:31,5,1,18
BRDA:37,6,0,2
BRDA:37,6,1,22
BRDA:40,7,0,2
BRDA:40,7,1,20
BRDA:46,8,0,2
BRDA:46,8,1,22
BRDA:49,9,0,2
BRDA:49,9,1,20
BRDA:52,10,0,2
BRDA:52,10,1,18
BRDA:55,11,0,2
BRDA:55,11,1,16
BRDA:61,12,0,4
BRDA:61,12,1,20
BRDA:62,13,0,0
BRDA:62,13,1,4
BRDA:65,14,0,2
BRDA:65,14,1,2
BRDA:72,15,0,4
BRDA:72,15,1,20
BRDA:73,16,0,0
BRDA:73,16,1,4
BRDA:76,17,0,2
BRDA:76,17,1,2
BRF:36
BRH:34
end_of_record
