TN:
SF:JAVA3\validateUserData.js
FN:11,validateUserData
FNF:1
FNH:1
FNDA:13,validateUserData
DA:12,13
DA:18,13
DA:19,1
DA:20,1
DA:21,1
DA:25,12
DA:26,1
DA:27,1
DA:28,11
DA:29,1
DA:30,1
DA:31,10
DA:32,1
DA:33,1
DA:37,12
DA:38,1
DA:39,1
DA:40,11
DA:41,1
DA:42,1
DA:46,12
DA:47,1
DA:48,1
DA:49,11
DA:50,1
DA:51,1
DA:52,10
DA:53,1
DA:54,1
DA:55,9
DA:56,1
DA:57,1
DA:61,12
DA:62,2
DA:63,0
DA:64,0
DA:65,2
DA:66,1
DA:67,1
DA:72,12
DA:73,2
DA:74,0
DA:75,0
DA:76,2
DA:77,1
DA:78,1
DA:82,12
DA:85,1
LF:48
LH:44
BRDA:18,0,0,1
BRDA:18,0,1,12
BRDA:18,1,0,13
BRDA:18,1,1,13
BRDA:25,2,0,1
BRDA:25,2,1,11
BRDA:28,3,0,1
BRDA:28,3,1,10
BRDA:28,4,0,11
BRDA:28,4,1,10
BRDA:31,5,0,1
BRDA:31,5,1,9
BRDA:37,6,0,1
BRDA:37,6,1,11
BRDA:40,7,0,1
BRDA:40,7,1,10
BRDA:46,8,0,1
BRDA:46,8,1,11
BRDA:49,9,0,1
BRDA:49,9,1,10
BRDA:52,10,0,1
BRDA:52,10,1,9
BRDA:55,11,0,1
BRDA:55,11,1,8
BRDA:61,12,0,2
BRDA:61,12,1,10
BRDA:62,13,0,0
BRDA:62,13,1,2
BRDA:65,14,0,1
BRDA:65,14,1,1
BRDA:72,15,0,2
BRDA:72,15,1,10
BRDA:73,16,0,0
BRDA:73,16,1,2
BRDA:76,17,0,1
BRDA:76,17,1,1
BRF:36
BRH:34
end_of_record
